<?xml version="1.0" encoding="UTF-8"?>
<testsuite name="SearchTests" tests="1" skipped="0" failures="0" errors="0" timestamp="2023-10-24T13:50:33" hostname="TCTPPC" time="10.09">
  <properties/>
  <testcase name="successfulSearchTest()" classname="SearchTests" time="10.09"/>
  <system-out><![CDATA[]]></system-out>
  <system-err><![CDATA[[Test worker] INFO com.codeborne.selenide.impl.WebDriverThreadLocalContainer - No webdriver is bound to current thread: 1 - let's create a new webdriver
[Test worker] INFO com.codeborne.selenide.impl.FileHelper - Creating folder: C:\Users\TcTp\IdeaProjects\qaguru\Search-Test\build\downloads\1698155433600_10824_1
[Test worker] INFO io.github.bonigarcia.wdm.WebDriverManager - Using geckodriver 0.33.0 (resolved driver for Firefox 118)
[Test worker] INFO io.github.bonigarcia.wdm.WebDriverManager - Exporting webdriver.gecko.driver as C:\Users\TcTp\.cache\selenium\geckodriver\win64\0.33.0\geckodriver.exe
1698155434989	geckodriver	INFO	Listening on 127.0.0.1:64192
1698155436531	mozrunner::runner	INFO	Running command: "C:\\Program Files\\Mozilla Firefox\\firefox.exe" "--marionette" "--remote-debugging-port" "63425" "--remote-allow-hosts" "localhost" "-no-remote" "-profile" "C:\\Users\\TcTp\\AppData\\Local\\Temp\\rust_mozprofilelhpEsn"
console.warn: services.settings: Ignoring preference override of remote settings server
console.warn: services.settings: Allow by setting MOZ_REMOTE_SETTINGS_DEVTOOLS=1 in the environment
1698155437396	Marionette	INFO	Marionette enabled
Dynamically enable window occlusion 0
1698155437513	Marionette	INFO	Listening on port 51376
WebDriver BiDi listening on ws://127.0.0.1:63425
Read port: 51376
1698155437851	RemoteAgent	WARN	TLS certificate errors will be ignored for this session
DevTools listening on ws://127.0.0.1:63425/devtools/browser/a121c5c1-a519-436d-9e67-ad612c0ff06e
окт. 24, 2023 4:50:39 PM org.openqa.selenium.remote.ProtocolHandshake createSession
INFO: Detected dialect: W3C
[Test worker] INFO com.codeborne.selenide.webdriver.HttpClientTimeouts - Changed connectTimeout from PT10S to PT10S
[Test worker] INFO com.codeborne.selenide.webdriver.HttpClientTimeouts - Changed readTimeout from PT1M30S to PT1M30S
[Test worker] INFO com.codeborne.selenide.webdriver.BrowserResizer - Set browser size to 1366x768
[Test worker] INFO com.codeborne.selenide.webdriver.WebDriverFactory - BrowserName=firefox Version=118.0.2 Platform=WINDOWS
[Test worker] INFO com.codeborne.selenide.webdriver.WebDriverFactory - Selenide v. 6.3.5
[Test worker] INFO com.codeborne.selenide.webdriver.WebDriverFactory - Selenium WebDriver v. 4.1.2 build revision: 9a5a329c5a
[Test worker] INFO com.codeborne.selenide.drivercommands.CreateDriverCommand - Created webdriver in thread 1: PatchedFirefoxDriver -> PatchedFirefoxDriver: firefox on WINDOWS (8442a1f4-f201-40f9-899d-2a1201138e25)
[Test worker] INFO com.codeborne.selenide.impl.WebDriverThreadLocalContainer - Browser and proxy will stay open due to holdBrowserOpen=true: 1 -> PatchedFirefoxDriver: firefox on WINDOWS (8442a1f4-f201-40f9-899d-2a1201138e25), null
console.warn: LoginRecipes: "Falling back to a synchronous message for: https://www.google.com."
]]></system-err>
</testsuite>
